Start testing: Jan 12 14:13 CET
----------------------------------------------------------
1/7 Testing: SplitValidationTest.SplitDelimeterNotFound
1/7 Test: SplitValidationTest.SplitDelimeterNotFound
Command: "/home/gkumaras/Projects/CppCourse/CPP_homeworks/homeworks/homework_4/no_strings_attached/build/no_strings_attached/string_split_test" "--gtest_filter=SplitValidationTest.SplitDelimeterNotFound" "--gtest_also_run_disabled_tests"
Directory: /home/gkumaras/Projects/CppCourse/CPP_homeworks/homeworks/homework_4/no_strings_attached/build/no_strings_attached
"SplitValidationTest.SplitDelimeterNotFound" start time: Jan 12 14:13 CET
Output:
----------------------------------------------------------
Running main() from /home/gkumaras/Projects/CppCourse/CPP_homeworks/homeworks/homework_4/no_strings_attached/external/googletest/googletest/src/gtest_main.cc
[0;33mNote: Google Test filter = SplitValidationTest.SplitDelimeterNotFound
[m[0;32m[==========] [mRunning 1 test from 1 test suite.
[0;32m[----------] [mGlobal test environment set-up.
[0;32m[----------] [m1 test from SplitValidationTest
[0;32m[ RUN      ] [mSplitValidationTest.SplitDelimeterNotFound
[0;32m[       OK ] [mSplitValidationTest.SplitDelimeterNotFound (0 ms)
[0;32m[----------] [m1 test from SplitValidationTest (0 ms total)

[0;32m[----------] [mGlobal test environment tear-down
[0;32m[==========] [m1 test from 1 test suite ran. (0 ms total)
[0;32m[  PASSED  ] [m1 test.
<end of output>
Test time =   0.00 sec
----------------------------------------------------------
Test Passed.
"SplitValidationTest.SplitDelimeterNotFound" end time: Jan 12 14:13 CET
"SplitValidationTest.SplitDelimeterNotFound" time elapsed: 00:00:00
----------------------------------------------------------

2/7 Testing: SplitValidationTest.SplitTwoWordsOnString
2/7 Test: SplitValidationTest.SplitTwoWordsOnString
Command: "/home/gkumaras/Projects/CppCourse/CPP_homeworks/homeworks/homework_4/no_strings_attached/build/no_strings_attached/string_split_test" "--gtest_filter=SplitValidationTest.SplitTwoWordsOnString" "--gtest_also_run_disabled_tests"
Directory: /home/gkumaras/Projects/CppCourse/CPP_homeworks/homeworks/homework_4/no_strings_attached/build/no_strings_attached
"SplitValidationTest.SplitTwoWordsOnString" start time: Jan 12 14:13 CET
Output:
----------------------------------------------------------
Running main() from /home/gkumaras/Projects/CppCourse/CPP_homeworks/homeworks/homework_4/no_strings_attached/external/googletest/googletest/src/gtest_main.cc
[0;33mNote: Google Test filter = SplitValidationTest.SplitTwoWordsOnString
[m[0;32m[==========] [mRunning 1 test from 1 test suite.
[0;32m[----------] [mGlobal test environment set-up.
[0;32m[----------] [m1 test from SplitValidationTest
[0;32m[ RUN      ] [mSplitValidationTest.SplitTwoWordsOnString
[0;32m[       OK ] [mSplitValidationTest.SplitTwoWordsOnString (0 ms)
[0;32m[----------] [m1 test from SplitValidationTest (0 ms total)

[0;32m[----------] [mGlobal test environment tear-down
[0;32m[==========] [m1 test from 1 test suite ran. (0 ms total)
[0;32m[  PASSED  ] [m1 test.
<end of output>
Test time =   0.00 sec
----------------------------------------------------------
Test Passed.
"SplitValidationTest.SplitTwoWordsOnString" end time: Jan 12 14:13 CET
"SplitValidationTest.SplitTwoWordsOnString" time elapsed: 00:00:00
----------------------------------------------------------

3/7 Testing: SplitValidationTest.SplitMoreWords
3/7 Test: SplitValidationTest.SplitMoreWords
Command: "/home/gkumaras/Projects/CppCourse/CPP_homeworks/homeworks/homework_4/no_strings_attached/build/no_strings_attached/string_split_test" "--gtest_filter=SplitValidationTest.SplitMoreWords" "--gtest_also_run_disabled_tests"
Directory: /home/gkumaras/Projects/CppCourse/CPP_homeworks/homeworks/homework_4/no_strings_attached/build/no_strings_attached
"SplitValidationTest.SplitMoreWords" start time: Jan 12 14:13 CET
Output:
----------------------------------------------------------
Running main() from /home/gkumaras/Projects/CppCourse/CPP_homeworks/homeworks/homework_4/no_strings_attached/external/googletest/googletest/src/gtest_main.cc
[0;33mNote: Google Test filter = SplitValidationTest.SplitMoreWords
[m[0;32m[==========] [mRunning 1 test from 1 test suite.
[0;32m[----------] [mGlobal test environment set-up.
[0;32m[----------] [m1 test from SplitValidationTest
[0;32m[ RUN      ] [mSplitValidationTest.SplitMoreWords
[0;32m[       OK ] [mSplitValidationTest.SplitMoreWords (0 ms)
[0;32m[----------] [m1 test from SplitValidationTest (0 ms total)

[0;32m[----------] [mGlobal test environment tear-down
[0;32m[==========] [m1 test from 1 test suite ran. (0 ms total)
[0;32m[  PASSED  ] [m1 test.
<end of output>
Test time =   0.00 sec
----------------------------------------------------------
Test Passed.
"SplitValidationTest.SplitMoreWords" end time: Jan 12 14:13 CET
"SplitValidationTest.SplitMoreWords" time elapsed: 00:00:00
----------------------------------------------------------

4/7 Testing: SplitValidationTest.RepeatedString
4/7 Test: SplitValidationTest.RepeatedString
Command: "/home/gkumaras/Projects/CppCourse/CPP_homeworks/homeworks/homework_4/no_strings_attached/build/no_strings_attached/string_split_test" "--gtest_filter=SplitValidationTest.RepeatedString" "--gtest_also_run_disabled_tests"
Directory: /home/gkumaras/Projects/CppCourse/CPP_homeworks/homeworks/homework_4/no_strings_attached/build/no_strings_attached
"SplitValidationTest.RepeatedString" start time: Jan 12 14:13 CET
Output:
----------------------------------------------------------
Running main() from /home/gkumaras/Projects/CppCourse/CPP_homeworks/homeworks/homework_4/no_strings_attached/external/googletest/googletest/src/gtest_main.cc
[0;33mNote: Google Test filter = SplitValidationTest.RepeatedString
[m[0;32m[==========] [mRunning 1 test from 1 test suite.
[0;32m[----------] [mGlobal test environment set-up.
[0;32m[----------] [m1 test from SplitValidationTest
[0;32m[ RUN      ] [mSplitValidationTest.RepeatedString
[0;32m[       OK ] [mSplitValidationTest.RepeatedString (0 ms)
[0;32m[----------] [m1 test from SplitValidationTest (0 ms total)

[0;32m[----------] [mGlobal test environment tear-down
[0;32m[==========] [m1 test from 1 test suite ran. (0 ms total)
[0;32m[  PASSED  ] [m1 test.
<end of output>
Test time =   0.00 sec
----------------------------------------------------------
Test Passed.
"SplitValidationTest.RepeatedString" end time: Jan 12 14:13 CET
"SplitValidationTest.RepeatedString" time elapsed: 00:00:00
----------------------------------------------------------

5/7 Testing: TrimValidationTest.TrimEmpty
5/7 Test: TrimValidationTest.TrimEmpty
Command: "/home/gkumaras/Projects/CppCourse/CPP_homeworks/homeworks/homework_4/no_strings_attached/build/no_strings_attached/string_trim_test" "--gtest_filter=TrimValidationTest.TrimEmpty" "--gtest_also_run_disabled_tests"
Directory: /home/gkumaras/Projects/CppCourse/CPP_homeworks/homeworks/homework_4/no_strings_attached/build/no_strings_attached
"TrimValidationTest.TrimEmpty" start time: Jan 12 14:13 CET
Output:
----------------------------------------------------------
Running main() from /home/gkumaras/Projects/CppCourse/CPP_homeworks/homeworks/homework_4/no_strings_attached/external/googletest/googletest/src/gtest_main.cc
[0;33mNote: Google Test filter = TrimValidationTest.TrimEmpty
[m[0;32m[==========] [mRunning 1 test from 1 test suite.
[0;32m[----------] [mGlobal test environment set-up.
[0;32m[----------] [m1 test from TrimValidationTest
[0;32m[ RUN      ] [mTrimValidationTest.TrimEmpty
[0;32m[       OK ] [mTrimValidationTest.TrimEmpty (0 ms)
[0;32m[----------] [m1 test from TrimValidationTest (0 ms total)

[0;32m[----------] [mGlobal test environment tear-down
[0;32m[==========] [m1 test from 1 test suite ran. (0 ms total)
[0;32m[  PASSED  ] [m1 test.
<end of output>
Test time =   0.00 sec
----------------------------------------------------------
Test Passed.
"TrimValidationTest.TrimEmpty" end time: Jan 12 14:13 CET
"TrimValidationTest.TrimEmpty" time elapsed: 00:00:00
----------------------------------------------------------

6/7 Testing: TrimValidationTest.TrimTrivial
6/7 Test: TrimValidationTest.TrimTrivial
Command: "/home/gkumaras/Projects/CppCourse/CPP_homeworks/homeworks/homework_4/no_strings_attached/build/no_strings_attached/string_trim_test" "--gtest_filter=TrimValidationTest.TrimTrivial" "--gtest_also_run_disabled_tests"
Directory: /home/gkumaras/Projects/CppCourse/CPP_homeworks/homeworks/homework_4/no_strings_attached/build/no_strings_attached
"TrimValidationTest.TrimTrivial" start time: Jan 12 14:13 CET
Output:
----------------------------------------------------------
Running main() from /home/gkumaras/Projects/CppCourse/CPP_homeworks/homeworks/homework_4/no_strings_attached/external/googletest/googletest/src/gtest_main.cc
[0;33mNote: Google Test filter = TrimValidationTest.TrimTrivial
[m[0;32m[==========] [mRunning 1 test from 1 test suite.
[0;32m[----------] [mGlobal test environment set-up.
[0;32m[----------] [m1 test from TrimValidationTest
[0;32m[ RUN      ] [mTrimValidationTest.TrimTrivial
[0;32m[       OK ] [mTrimValidationTest.TrimTrivial (0 ms)
[0;32m[----------] [m1 test from TrimValidationTest (0 ms total)

[0;32m[----------] [mGlobal test environment tear-down
[0;32m[==========] [m1 test from 1 test suite ran. (0 ms total)
[0;32m[  PASSED  ] [m1 test.
<end of output>
Test time =   0.00 sec
----------------------------------------------------------
Test Passed.
"TrimValidationTest.TrimTrivial" end time: Jan 12 14:13 CET
"TrimValidationTest.TrimTrivial" time elapsed: 00:00:00
----------------------------------------------------------

7/7 Testing: TrimValidationTest.TrimCorrect
7/7 Test: TrimValidationTest.TrimCorrect
Command: "/home/gkumaras/Projects/CppCourse/CPP_homeworks/homeworks/homework_4/no_strings_attached/build/no_strings_attached/string_trim_test" "--gtest_filter=TrimValidationTest.TrimCorrect" "--gtest_also_run_disabled_tests"
Directory: /home/gkumaras/Projects/CppCourse/CPP_homeworks/homeworks/homework_4/no_strings_attached/build/no_strings_attached
"TrimValidationTest.TrimCorrect" start time: Jan 12 14:13 CET
Output:
----------------------------------------------------------
Running main() from /home/gkumaras/Projects/CppCourse/CPP_homeworks/homeworks/homework_4/no_strings_attached/external/googletest/googletest/src/gtest_main.cc
[0;33mNote: Google Test filter = TrimValidationTest.TrimCorrect
[m[0;32m[==========] [mRunning 1 test from 1 test suite.
[0;32m[----------] [mGlobal test environment set-up.
[0;32m[----------] [m1 test from TrimValidationTest
[0;32m[ RUN      ] [mTrimValidationTest.TrimCorrect
[0;32m[       OK ] [mTrimValidationTest.TrimCorrect (0 ms)
[0;32m[----------] [m1 test from TrimValidationTest (0 ms total)

[0;32m[----------] [mGlobal test environment tear-down
[0;32m[==========] [m1 test from 1 test suite ran. (0 ms total)
[0;32m[  PASSED  ] [m1 test.
<end of output>
Test time =   0.00 sec
----------------------------------------------------------
Test Passed.
"TrimValidationTest.TrimCorrect" end time: Jan 12 14:13 CET
"TrimValidationTest.TrimCorrect" time elapsed: 00:00:00
----------------------------------------------------------

End testing: Jan 12 14:13 CET
